<?xml version="1.0" encoding="UTF-8"?>
<!-- Generated by org.testng.reporters.JUnitReportReporter -->
<testsuite hostname="LAPTOP-MFSCPA7U" failures="0" tests="1" name="com.parallel.Parallel2" time="16.271" errors="0" timestamp="2022-11-26T20:53:59 IST" skipped="0">
  <testcase classname="com.parallel.Parallel2" name="tc_2" time="16.271"/>
  <system-out/>
</testsuite> <!-- com.parallel.Parallel2 -->
