<?xml version="1.0" encoding="UTF-8"?>
<!-- Generated by org.testng.reporters.JUnitReportReporter -->
<testsuite hostname="LAPTOP-MFSCPA7U" failures="0" tests="2" name="com.parallel.Classone" time="41.969" errors="0" timestamp="2022-11-22T19:46:45 IST" skipped="0">
  <testcase classname="com.parallel.Classone" name="tc_3" time="16.588"/>
  <system-out/>
  <testcase classname="com.parallel.Classone" name="tc_1" time="25.381"/>
  <system-out/>
</testsuite> <!-- com.parallel.Classone -->
