<?xml version="1.0" encoding="UTF-8"?>
<!-- Generated by org.testng.reporters.JUnitReportReporter -->
<testsuite hostname="LAPTOP-MFSCPA7U" failures="0" tests="3" name="com.TestNG.Login" time="0.017" errors="0" timestamp="2022-11-15T20:17:18 IST" skipped="1">
  <testcase classname="com.TestNG.Login" name="tc_1" time="0.015"/>
  <system-out/>
  <testcase classname="com.TestNG.Login" name="tc_3" time="0.002"/>
  <system-out/>
  <testcase classname="com.TestNG.Login" name="tc_2">
    <skipped/>
  </testcase> <!-- tc_2 -->
  <system-out/>
</testsuite> <!-- com.TestNG.Login -->
