<?xml version="1.0" encoding="UTF-8"?>
<!-- Generated by org.testng.reporters.JUnitReportReporter -->
<testsuite hostname="LAPTOP-MFSCPA7U" failures="0" tests="2" name="com.Serialexecution.Serial" time="48.052" errors="0" timestamp="2022-11-22T19:46:45 IST" skipped="0">
  <testcase classname="com.Serialexecution.Serial" name="tc_2" time="20.235"/>
  <system-out/>
  <testcase classname="com.Serialexecution.Serial" name="tc_1" time="27.817"/>
  <system-out/>
</testsuite> <!-- com.Serialexecution.Serial -->
