<?xml version="1.0" encoding="UTF-8"?>
<!-- Generated by org.testng.reporters.JUnitReportReporter -->
<testsuite hostname="LAPTOP-MFSCPA7U" failures="0" tests="3" name="com.TestNG.DetailsLogin" time="0.097" errors="0" timestamp="2022-11-15T20:21:01 IST" skipped="0">
  <testcase classname="com.TestNG.DetailsLogin" name="tc_7" time="0.083"/>
  <system-out/>
  <testcase classname="com.TestNG.DetailsLogin" name="tc_8" time="0.008"/>
  <system-out/>
  <testcase classname="com.TestNG.DetailsLogin" name="tc_9" time="0.006"/>
  <system-out/>
</testsuite> <!-- com.TestNG.DetailsLogin -->
