<?xml version="1.0" encoding="UTF-8"?>
<!-- Generated by org.testng.reporters.JUnitReportReporter -->
<testsuite hostname="LAPTOP-MFSCPA7U" failures="0" tests="1" name="com.serial.Serial" time="11.400" errors="0" timestamp="2022-11-24T19:47:34 IST" skipped="0">
  <testcase classname="com.serial.Serial" name="tc_2" time="11.400"/>
  <system-out/>
</testsuite> <!-- com.serial.Serial -->
