<?xml version="1.0" encoding="UTF-8"?>
<!-- Generated by org.testng.reporters.JUnitReportReporter -->
<testsuite hostname="LAPTOP-MFSCPA7U" failures="0" tests="2" name="Annotations" time="0.014" errors="0" timestamp="2022-11-22T19:46:45 IST" skipped="0">
  <testcase classname="Annotations" name="tc_1" time="0.012"/>
  <system-out/>
  <testcase classname="Annotations" name="tc_2" time="0.002"/>
  <system-out/>
</testsuite> <!-- Annotations -->
