<?xml version="1.0" encoding="UTF-8"?>
<!-- Generated by org.testng.reporters.JUnitReportReporter -->
<testsuite hostname="LAPTOP-MFSCPA7U" failures="0" tests="1" name="com.parallel.Parallel" time="43.468" errors="0" timestamp="2022-11-22T19:46:45 IST" skipped="0">
  <testcase classname="com.parallel.Parallel" name="tc_1" time="43.468"/>
  <system-out/>
</testsuite> <!-- com.parallel.Parallel -->
