<?xml version="1.0" encoding="UTF-8"?>
<!-- Generated by org.testng.reporters.JUnitReportReporter -->
<testsuite hostname="LAPTOP-MFSCPA7U" failures="0" tests="3" name="com.TestNG.Passward" time="0.021" errors="0" timestamp="2022-11-16T08:31:33 IST" skipped="0">
  <testcase classname="com.TestNG.Passward" name="tc_5" time="0.004"/>
  <system-out/>
  <testcase classname="com.TestNG.Passward" name="tc_4" time="0.012"/>
  <system-out/>
  <testcase classname="com.TestNG.Passward" name="tc_6" time="0.005"/>
  <system-out/>
</testsuite> <!-- com.TestNG.Passward -->
