<?xml version="1.0" encoding="UTF-8"?>
<!-- Generated by org.testng.reporters.JUnitReportReporter -->
<testsuite hostname="LAPTOP-MFSCPA7U" failures="0" tests="1" name="com.TestNG.Logintest" time="10.760" errors="0" timestamp="2022-11-21T23:48:42 IST" skipped="0">
  <testcase classname="com.TestNG.Logintest" name="tc_1" time="10.760"/>
  <system-out/>
</testsuite> <!-- com.TestNG.Logintest -->
